<?xml version="1.0" encoding="UTF-8"?>
<!-- Generated by org.testng.reporters.JUnitXMLReporter -->
<testsuite ignored="0" hostname="RavikumarPC" failures="2" tests="2" name="Default test" time="6.577" errors="0" timestamp="2023-02-18T22:34:54 IST">
  <testcase classname="io.cucumber.testng.AbstractTestNGCucumberTests" name="runScenario" time="3.239">
    <failure type="java.lang.NullPointerException" message="Cannot invoke &amp;quot;ravikumaracademy.PageObjects.LandingPage.loginApplication(String, String)&amp;quot; because &amp;quot;this.landingpage&amp;quot; is null">
      <![CDATA[java.lang.NullPointerException: Cannot invoke "ravikumaracademy.PageObjects.LandingPage.loginApplication(String, String)" because "this.landingpage" is null
at ravikumaracademy.stepDefinition.StepDefinitionImpl.logged_in_username_and_password(StepDefinitionImpl.java:30)
at ✽.Logged in with username cravi.ravikumar1@gmail.com and passwordRavi@5694(file:///E:/Eclipseworkspace/SelFramework1/src/test/java/Cucumber/Submit.feature:13)
]]>
    </failure>
  </testcase> <!-- runScenario -->
  <testcase classname="io.cucumber.testng.AbstractTestNGCucumberTests" name="runScenario" time="2.668">
    <failure type="java.lang.NullPointerException" message="Cannot invoke &amp;quot;ravikumaracademy.PageObjects.LandingPage.loginApplication(String, String)&amp;quot; because &amp;quot;this.landingpage&amp;quot; is null">
      <![CDATA[java.lang.NullPointerException: Cannot invoke "ravikumaracademy.PageObjects.LandingPage.loginApplication(String, String)" because "this.landingpage" is null
at ravikumaracademy.stepDefinition.StepDefinitionImpl.logged_in_username_and_password(StepDefinitionImpl.java:30)
at ✽.Logged in with username anshika@gmail.com and passwordIamking@000(file:///E:/Eclipseworkspace/SelFramework1/src/test/java/Cucumber/Submit.feature:13)
]]>
    </failure>
  </testcase> <!-- runScenario -->
</testsuite> <!-- Default test -->
