<?xml version="1.0" encoding="UTF-8"?>
<!-- Generated by org.testng.reporters.JUnitXMLReporter -->
<testsuite ignored="0" hostname="RavikumarPC" failures="0" tests="3" name="Submit Order" time="52.797" errors="0" timestamp="2023-02-17T11:53:28 IST">
  <testcase classname="ravikumaracademy.tests.SubmitOrder2" name="submitOrder" time="21.558"/>
  <testcase classname="ravikumaracademy.tests.SubmitOrder2" name="submitOrder" time="21.81"/>
  <testcase classname="ravikumaracademy.tests.SubmitOrder2" name="orderHistoryPage" time="0.714"/>
</testsuite> <!-- Submit Order -->
