<?xml version="1.0" encoding="UTF-8"?>
<!-- Generated by org.testng.reporters.JUnitXMLReporter -->
<testsuite ignored="0" hostname="RavikumarPC" failures="0" tests="3" name="Submit Order" time="38.104" errors="0" timestamp="2023-02-22T22:32:27 IST">
  <testcase classname="ravikumaracademy.tests.SubmitOrder2" name="submitOrder" time="7.501"/>
  <testcase classname="ravikumaracademy.tests.SubmitOrder2" name="submitOrder" time="20.205"/>
  <testcase classname="ravikumaracademy.tests.SubmitOrder2" name="orderHistoryPage" time="0.471"/>
</testsuite> <!-- Submit Order -->
